[22:20:24] [main/INFO]: Loading Minecraft 1.19.4 with Fabric Loader 0.15.11
[22:20:25] [main/INFO]: Loading 60 mods:
	- fabric-api 0.87.2+1.19.4
	   |-- fabric-api-base 0.4.28+737a6ee8f4
	   |-- fabric-api-lookup-api-v1 1.6.29+504944c8f4
	   |-- fabric-biome-api-v1 13.0.10+6b242079f4
	   |-- fabric-block-api-v1 1.0.8+e022e5d1f4
	   |-- fabric-blockrenderlayer-v1 1.1.38+10ce000ff4
	   |-- fabric-client-tags-api-v1 1.1.1+0eee1254f4
	   |-- fabric-command-api-v1 1.2.31+f71b366ff4
	   |-- fabric-command-api-v2 2.2.10+10ce000ff4
	   |-- fabric-commands-v0 0.2.48+df3654b3f4
	   |-- fabric-containers-v0 0.1.59+df3654b3f4
	   |-- fabric-content-registries-v0 3.5.14+10ce000ff4
	   |-- fabric-convention-tags-v1 1.5.3+6d727b51f4
	   |-- fabric-crash-report-info-v1 0.2.17+aeb40ebef4
	   |-- fabric-data-generation-api-v1 11.5.2+26f09d40f4
	   |-- fabric-dimensions-v1 2.1.50+44c9c860f4
	   |-- fabric-entity-events-v1 1.5.17+10ce000ff4
	   |-- fabric-events-interaction-v0 0.6.1+4b6b93f0f4
	   |-- fabric-events-lifecycle-v0 0.2.56+df3654b3f4
	   |-- fabric-game-rule-api-v1 1.0.36+3f657af2f4
	   |-- fabric-item-api-v1 2.1.21+10ce000ff4
	   |-- fabric-item-group-api-v1 3.0.10+8400c67ef4
	   |-- fabric-key-binding-api-v1 1.0.35+504944c8f4
	   |-- fabric-keybindings-v0 0.2.33+df3654b3f4
	   |-- fabric-lifecycle-events-v1 2.2.19+10ce000ff4
	   |-- fabric-loot-api-v2 1.1.32+10ce000ff4
	   |-- fabric-loot-tables-v1 1.1.36+9e7660c6f4
	   |-- fabric-message-api-v1 5.1.5+53c11dadf4
	   |-- fabric-mining-level-api-v1 2.1.44+10ce000ff4
	   |-- fabric-model-loading-api-v1 1.0.2+3a1ea2f1f4
	   |-- fabric-models-v0 0.4.1+a0255436f4
	   |-- fabric-networking-api-v1 1.3.6+ae9c4c6af4
	   |-- fabric-networking-v0 0.3.46+df3654b3f4
	   |-- fabric-object-builder-api-v1 7.1.1+d63b52eaf4
	   |-- fabric-particles-v1 1.1.1+86d48884f4
	   |-- fabric-recipe-api-v1 1.0.13+10ce000ff4
	   |-- fabric-registry-sync-v0 2.3.2+95ae8716f4
	   |-- fabric-renderer-api-v1 2.4.2+90110d8df4
	   |-- fabric-renderer-indigo 1.4.2+90110d8df4
	   |-- fabric-renderer-registries-v1 3.2.42+df3654b3f4
	   |-- fabric-rendering-data-attachment-v1 0.3.32+10ce000ff4
	   |-- fabric-rendering-fluids-v1 3.0.25+10ce000ff4
	   |-- fabric-rendering-v0 1.1.45+df3654b3f4
	   |-- fabric-rendering-v1 2.1.5+10ce000ff4
	   |-- fabric-resource-conditions-api-v1 2.3.3+10ce000ff4
	   |-- fabric-resource-loader-v0 0.11.7+8400c67ef4
	   |-- fabric-screen-api-v1 1.0.49+10ce000ff4
	   |-- fabric-screen-handler-api-v1 1.3.25+10ce000ff4
	   |-- fabric-sound-api-v1 1.0.11+10ce000ff4
	   |-- fabric-transfer-api-v1 3.3.1+602c17c7f4
	   \-- fabric-transitive-access-wideners-v1 3.3.0+1b5f819af4
	- fabricloader 0.15.11
	   \-- mixinextras 0.3.5
	- iris 1.6.11
	   |-- io_github_douira_glsl-transformer 2.0.0-pre13
	   |-- org_anarres_jcpp 1.4.14
	   \-- org_antlr_antlr4-runtime 4.11.1
	- java 17
	- minecraft 1.19.4
	- sodium 0.4.10+build.24
[22:20:25] [main/INFO]: SpongePowered MIXIN Subsystem Version=0.8.5 Source=file:/D:/desktop/Client/.minecraft/libraries/net/fabricmc/sponge-mixin/0.13.3+mixin.0.8.5/sponge-mixin-0.13.3+mixin.0.8.5.jar Service=Knot/Fabric Env=CLIENT
[22:20:26] [main/INFO]: Compatibility level set to JAVA_16
[22:20:26] [main/INFO]: Compatibility level set to JAVA_17
[22:20:28] [main/INFO]: Loaded configuration file for Sodium: 33 options available, 3 override(s) found
[22:20:29] [main/WARN]: Error loading class: net/fabricmc/fabric/impl/client/indigo/renderer/render/AbstractQuadRenderer (java.lang.ClassNotFoundException: net/fabricmc/fabric/impl/client/indigo/renderer/render/AbstractQuadRenderer)
[22:20:29] [main/WARN]: Force-disabling mixin 'features.entity.fast_render.MixinCuboid' as rule 'mixin.features.entity.fast_render' (added by mods [iris]) disables it and children
[22:20:29] [main/WARN]: Force-disabling mixin 'features.entity.fast_render.MixinModelPart' as rule 'mixin.features.entity.fast_render' (added by mods [iris]) disables it and children
[22:20:29] [main/WARN]: Force-disabling mixin 'features.gui.font.MixinGlyphRenderer' as rule 'mixin.features.gui.font' (added by mods [iris]) disables it and children
[22:20:29] [main/WARN]: Force-disabling mixin 'features.sky.MixinWorldRenderer' as rule 'mixin.features.sky' (added by mods [iris]) disables it and children
[22:20:30] [main/INFO]: Initializing MixinExtras via com.llamalad7.mixinextras.service.MixinExtrasServiceImpl(version=0.3.5).
[22:20:47] [Datafixer Bootstrap/INFO]: 180 Datafixer optimizations took 432 milliseconds
[22:20:53] [Render thread/INFO]: Launching a new process to probe the system configuration!
[22:20:54] [Render thread/INFO]: OpenGL Vendor: ATI Technologies Inc.
[22:20:54] [Render thread/INFO]: OpenGL Renderer: AMD Radeon(TM) Vega 8 Graphics
[22:20:54] [Render thread/INFO]: OpenGL Version: 4.6.0 Compatibility Profile Context 24.1.1.231127
[22:20:55] [Render thread/INFO]: Environment: authHost='https://authserver.mojang.com', accountsHost='https://api.mojang.com', sessionHost='https://sessionserver.mojang.com', servicesHost='https://api.minecraftservices.com', name='PROD'
[22:20:56] [Render thread/INFO]: Setting user: Bilibili_ddxyy
[22:20:57] [Render thread/INFO]: [Indigo] Different rendering plugin detected; not applying Indigo.
[22:20:57] [ForkJoinPool.commonPool-worker-1/WARN]: [Iris Update Check] Cached update file detected, using that!
[22:20:58] [Render thread/INFO]: Backend library: LWJGL version 3.3.1 SNAPSHOT
[22:20:59] [Render thread/INFO]: Debug functionality is disabled.
[22:20:59] [Render thread/INFO]: ARB_direct_state_access detected, enabling DSA.
[22:20:59] [Render thread/INFO]: Shaders are disabled because no valid shaderpack is selected
[22:20:59] [Render thread/INFO]: Shaders are disabled
[22:21:00] [Render thread/WARN]: Static binding violation: PRIVATE @Overwrite method method_23182 in sodium.mixins.json:features.item.MixinItemRenderer from mod sodium cannot reduce visibiliy of PUBLIC target method, visibility will be upgraded.
[22:21:00] [Render thread/INFO]: Hardware information:
[22:21:00] [Render thread/INFO]: CPU: 8x AMD Ryzen 5 3500U with Radeon Vega Mobile Gfx 
[22:21:00] [Render thread/INFO]: GPU: AMD Radeon(TM) Vega 8 Graphics (Supports OpenGL 3.2.0 Core Profile Context 24.1.1.231127)
[22:21:00] [Render thread/INFO]: OS: Windows 10 (10.0)
[22:21:02] [Render thread/INFO]: Reloading ResourceManager: vanilla, fabric (fabric-api, fabric-api-base, fabric-api-lookup-api-v1, fabric-biome-api-v1, fabric-block-api-v1, fabric-blockrenderlayer-v1, fabric-client-tags-api-v1, fabric-command-api-v1, fabric-command-api-v2, fabric-commands-v0, fabric-containers-v0, fabric-content-registries-v0, fabric-convention-tags-v1, fabric-crash-report-info-v1, fabric-data-generation-api-v1, fabric-dimensions-v1, fabric-entity-events-v1, fabric-events-interaction-v0, fabric-events-lifecycle-v0, fabric-game-rule-api-v1, fabric-item-api-v1, fabric-item-group-api-v1, fabric-key-binding-api-v1, fabric-keybindings-v0, fabric-lifecycle-events-v1, fabric-loot-api-v2, fabric-loot-tables-v1, fabric-message-api-v1, fabric-mining-level-api-v1, fabric-model-loading-api-v1, fabric-models-v0, fabric-networking-api-v1, fabric-networking-v0, fabric-object-builder-api-v1, fabric-particles-v1, fabric-recipe-api-v1, fabric-registry-sync-v0, fabric-renderer-api-v1, fabric-renderer-indigo, fabric-renderer-registries-v1, fabric-rendering-data-attachment-v1, fabric-rendering-fluids-v1, fabric-rendering-v0, fabric-rendering-v1, fabric-resource-conditions-api-v1, fabric-resource-loader-v0, fabric-screen-api-v1, fabric-screen-handler-api-v1, fabric-sound-api-v1, fabric-transfer-api-v1, fabric-transitive-access-wideners-v1, fabricloader, iris, sodium)
[22:21:03] [Render thread/INFO]: Creating pipeline for dimension NamespacedId{namespace='minecraft', name='overworld'}
[22:21:09] [Render thread/WARN]: Missing sound for event: minecraft:item.brush.brushing
[22:21:09] [Render thread/WARN]: Missing sound for event: minecraft:item.brush.brush_sand_completed
[22:21:09] [Render thread/WARN]: Missing sound for event: minecraft:item.goat_horn.play
[22:21:09] [Render thread/WARN]: Missing sound for event: minecraft:entity.goat.screaming.horn_break
[22:21:09] [Render thread/WARN]: Missing sound for event: minecraft:music.overworld.cherry_grove
[22:21:10] [Render thread/INFO]: OpenAL initialized on device OpenAL Soft on 扬声器 (Realtek(R) Audio)
[22:21:10] [Render thread/INFO]: Sound engine started
[22:21:11] [Render thread/INFO]: Created: 1024x512x4 minecraft:textures/atlas/blocks.png-atlas
[22:21:11] [Render thread/INFO]: Created: 256x256x4 minecraft:textures/atlas/signs.png-atlas
[22:21:11] [Render thread/INFO]: Created: 512x512x4 minecraft:textures/atlas/shield_patterns.png-atlas
[22:21:11] [Render thread/INFO]: Created: 512x512x4 minecraft:textures/atlas/banner_patterns.png-atlas
[22:21:11] [Render thread/INFO]: Created: 1024x1024x4 minecraft:textures/atlas/armor_trims.png-atlas
[22:21:11] [Render thread/INFO]: Created: 64x64x4 minecraft:textures/atlas/decorated_pot.png-atlas
[22:21:11] [Render thread/INFO]: Created: 256x256x4 minecraft:textures/atlas/chest.png-atlas
[22:21:11] [Render thread/INFO]: Created: 512x256x4 minecraft:textures/atlas/shulker_boxes.png-atlas
[22:21:11] [Render thread/INFO]: Created: 512x256x4 minecraft:textures/atlas/beds.png-atlas
[22:21:13] [Render thread/WARN]: Shader rendertype_entity_translucent_emissive could not find sampler named Sampler2 in the specified shader program.
[22:21:13] [Render thread/INFO]: Created: 256x256x0 minecraft:textures/atlas/particles.png-atlas
[22:21:13] [Render thread/INFO]: Created: 256x256x0 minecraft:textures/atlas/paintings.png-atlas
[22:21:13] [Render thread/INFO]: Created: 128x128x0 minecraft:textures/atlas/mob_effects.png-atlas
[22:21:34] [Render thread/INFO]: Connecting to hypixel.net, 25565
[22:21:58] [Render thread/INFO]: Connecting to hypixel.net, 25565
[22:22:21] [Server Connector #2/ERROR]: Couldn't connect to server
io.netty.channel.AbstractChannel$AnnotatedConnectException: Connection timed out: no further information: hypixel.net/104.18.136.17:25565
Caused by: java.net.ConnectException: Connection timed out: no further information
	at sun.nio.ch.Net.pollConnect(Native Method) ~[?:?]
	at sun.nio.ch.Net.pollConnectNow(Net.java:672) ~[?:?]
	at sun.nio.ch.SocketChannelImpl.finishConnect(SocketChannelImpl.java:946) ~[?:?]
	at io.netty.channel.socket.nio.NioSocketChannel.doFinishConnect(NioSocketChannel.java:337) ~[netty-transport-4.1.82.Final.jar:?]
	at io.netty.channel.nio.AbstractNioChannel$AbstractNioUnsafe.finishConnect(AbstractNioChannel.java:334) ~[netty-transport-4.1.82.Final.jar:?]
	at io.netty.channel.nio.NioEventLoop.processSelectedKey(NioEventLoop.java:776) ~[netty-transport-4.1.82.Final.jar:?]
	at io.netty.channel.nio.NioEventLoop.processSelectedKeysOptimized(NioEventLoop.java:724) ~[netty-transport-4.1.82.Final.jar:?]
	at io.netty.channel.nio.NioEventLoop.processSelectedKeys(NioEventLoop.java:650) ~[netty-transport-4.1.82.Final.jar:?]
	at io.netty.channel.nio.NioEventLoop.run(NioEventLoop.java:562) ~[netty-transport-4.1.82.Final.jar:?]
	at io.netty.util.concurrent.SingleThreadEventExecutor$4.run(SingleThreadEventExecutor.java:997) ~[netty-common-4.1.82.Final.jar:?]
	at io.netty.util.internal.ThreadExecutorMap$2.run(ThreadExecutorMap.java:74) ~[netty-common-4.1.82.Final.jar:?]
	at java.lang.Thread.run(Thread.java:842) ~[?:?]
[22:22:45] [Render thread/INFO]: Loaded 7 recipes
[22:22:47] [Render thread/INFO]: Loaded 1179 advancements
[22:22:48] [Render thread/INFO]: Applied 0 biome modifications to 0 of 63 new biomes in 5.427 ms
[22:22:48] [Server thread/INFO]: Starting integrated minecraft server version 1.19.4
[22:22:48] [Server thread/INFO]: Generating keypair
[22:22:52] [Server thread/INFO]: Preparing start region for dimension minecraft:overworld
[22:23:12] [Render thread/INFO]: 准备生成区域中：0%
[22:23:12] [Render thread/INFO]: 准备生成区域中：0%
[22:23:12] [Render thread/INFO]: 准备生成区域中：0%
[22:23:12] [Render thread/INFO]: 准备生成区域中：0%
[22:23:12] [Render thread/INFO]: 准备生成区域中：0%
[22:23:12] [Render thread/INFO]: 准备生成区域中：0%
[22:23:12] [Render thread/INFO]: 准备生成区域中：0%
[22:23:12] [Render thread/INFO]: 准备生成区域中：0%
[22:23:12] [Render thread/INFO]: 准备生成区域中：0%
[22:23:12] [Render thread/INFO]: 准备生成区域中：0%
[22:23:12] [Render thread/INFO]: 准备生成区域中：0%
[22:23:13] [Render thread/INFO]: 准备生成区域中：0%
[22:23:13] [Render thread/INFO]: 准备生成区域中：0%
[22:23:13] [Render thread/INFO]: 准备生成区域中：0%
[22:23:13] [Render thread/INFO]: 准备生成区域中：0%
[22:23:13] [Render thread/INFO]: 准备生成区域中：0%
[22:23:13] [Render thread/INFO]: 准备生成区域中：0%
[22:23:13] [Render thread/INFO]: 准备生成区域中：0%
[22:23:13] [Render thread/INFO]: 准备生成区域中：0%
[22:23:13] [Render thread/INFO]: 准备生成区域中：0%
[22:23:13] [Render thread/INFO]: 准备生成区域中：0%
[22:23:13] [Render thread/INFO]: 准备生成区域中：0%
[22:23:13] [Render thread/INFO]: 准备生成区域中：0%
[22:23:13] [Render thread/INFO]: 准备生成区域中：0%
[22:23:13] [Render thread/INFO]: 准备生成区域中：0%
[22:23:13] [Render thread/INFO]: 准备生成区域中：0%
[22:23:13] [Render thread/INFO]: 准备生成区域中：0%
[22:23:13] [Render thread/INFO]: 准备生成区域中：0%
[22:23:13] [Render thread/INFO]: 准备生成区域中：0%
[22:23:13] [Render thread/INFO]: 准备生成区域中：0%
[22:23:13] [Render thread/INFO]: 准备生成区域中：0%
[22:23:13] [Render thread/INFO]: 准备生成区域中：0%
[22:23:13] [Render thread/INFO]: 准备生成区域中：0%
[22:23:13] [Render thread/INFO]: 准备生成区域中：0%
[22:23:13] [Render thread/INFO]: 准备生成区域中：0%
[22:23:13] [Render thread/INFO]: 准备生成区域中：0%
[22:23:13] [Render thread/INFO]: 准备生成区域中：0%
[22:23:13] [Render thread/INFO]: 准备生成区域中：0%
[22:23:13] [Render thread/INFO]: 准备生成区域中：0%
[22:23:13] [Render thread/INFO]: 准备生成区域中：0%
[22:23:13] [Render thread/INFO]: 准备生成区域中：0%
[22:23:13] [Render thread/INFO]: 准备生成区域中：0%
[22:23:13] [Render thread/INFO]: 准备生成区域中：0%
[22:23:13] [Render thread/INFO]: 准备生成区域中：1%
[22:23:14] [Render thread/INFO]: 准备生成区域中：13%
[22:23:14] [Render thread/INFO]: 准备生成区域中：16%
[22:23:15] [Render thread/INFO]: 准备生成区域中：47%
[22:23:15] [Render thread/INFO]: 准备生成区域中：53%
[22:23:16] [Render thread/INFO]: 准备生成区域中：68%
[22:23:17] [Render thread/INFO]: Time elapsed: 24664 ms
[22:23:18] [Server thread/INFO]: Changing view distance to 32, from 10
[22:23:18] [Server thread/INFO]: Changing simulation distance to 12, from 0
[22:23:19] [Server thread/INFO]: Bilibili_ddxyy[local:E:68b45e0c] logged in with entity id 115 at (-109.19803746798428, 92.0, 116.86660350985939)
[22:23:19] [Render thread/INFO]: Reloading pipeline on dimension change: NamespacedId{namespace='minecraft', name='overworld'} => NamespacedId{namespace='minecraft', name='overworld'}
[22:23:19] [Render thread/INFO]: Destroying pipeline NamespacedId{namespace='minecraft', name='overworld'}
[22:23:19] [Render thread/INFO]: Creating pipeline for dimension NamespacedId{namespace='minecraft', name='overworld'}
[22:23:19] [Server thread/INFO]: Bilibili_ddxyy加入了游戏
[22:23:20] [Server thread/WARN]: Can't keep up! Is the server overloaded? Running 3144ms or 62 ticks behind
[22:23:20] [Render thread/INFO]: Started 2 worker threads
[22:23:21] [Render thread/INFO]: Loaded 2 advancements
[22:23:39] [Render thread/INFO]: Loaded 9 advancements
[22:23:42] [Server thread/WARN]: Can't keep up! Is the server overloaded? Running 6845ms or 136 ticks behind
[22:24:48] [Server thread/INFO]: Saving and pausing game...
[22:24:49] [Server thread/INFO]: Saving chunks for level 'ServerLevel[新的世界]'/minecraft:overworld
[22:24:49] [Server thread/INFO]: Saving chunks for level 'ServerLevel[新的世界]'/minecraft:the_nether
[22:24:49] [Server thread/INFO]: Saving chunks for level 'ServerLevel[新的世界]'/minecraft:the_end
[22:25:25] [Server thread/INFO]: Saving and pausing game...
[22:25:25] [Server thread/INFO]: Saving chunks for level 'ServerLevel[新的世界]'/minecraft:overworld
[22:25:26] [Server thread/INFO]: Saving chunks for level 'ServerLevel[新的世界]'/minecraft:the_nether
[22:25:26] [Server thread/INFO]: Saving chunks for level 'ServerLevel[新的世界]'/minecraft:the_end
[22:25:35] [Server thread/INFO]: Bilibili_ddxyy lost connection: 连接中断
[22:25:35] [Server thread/INFO]: Bilibili_ddxyy退出了游戏
[22:25:35] [Server thread/INFO]: Stopping singleplayer server as player logged out
[22:25:35] [Server thread/INFO]: Stopping server
[22:25:35] [Server thread/INFO]: Saving players
[22:25:35] [Server thread/INFO]: Saving worlds
[22:25:43] [Server thread/INFO]: Saving chunks for level 'ServerLevel[新的世界]'/minecraft:overworld
[22:25:43] [Server thread/INFO]: Saving chunks for level 'ServerLevel[新的世界]'/minecraft:the_nether
[22:25:43] [Server thread/INFO]: Saving chunks for level 'ServerLevel[新的世界]'/minecraft:the_end
[22:25:43] [Server thread/INFO]: ThreadedAnvilChunkStorage (新的世界): All chunks are saved
[22:25:43] [Server thread/INFO]: ThreadedAnvilChunkStorage (DIM-1): All chunks are saved
[22:25:43] [Server thread/INFO]: ThreadedAnvilChunkStorage (DIM1): All chunks are saved
[22:25:43] [Server thread/INFO]: ThreadedAnvilChunkStorage: All dimensions are saved
[22:25:43] [Render thread/INFO]: Stopping worker threads
[22:25:45] [Render thread/INFO]: Stopping!
